Base path: C:/Program Files (x86)/Unity/Editor/Data
Pipe name: \\.\pipe\UnityShaderCompiler-1-1232
Cmd: getPlatforms
Cmd: preprocess
  insize=464 outsize=464 ok=1
Cmd: preprocess
  insize=1651 outsize=2266 ok=1
Cmd: preprocess
  insize=2933 outsize=203 ok=1
Cmd: preprocess
  insize=1533 outsize=1118 ok=1
Cmd: preprocess
  insize=889 outsize=229 ok=1
Cmd: preprocess
  insize=1486 outsize=2211 ok=1
Cmd: preprocess
  insize=7006 outsize=291 ok=1
Cmd: preprocess
  insize=1060 outsize=1283 ok=1
Cmd: preprocess
  insize=1101 outsize=904 ok=1
Cmd: preprocess
  insize=2379 outsize=1092 ok=1
Cmd: preprocess
  insize=2340 outsize=1021 ok=1
Cmd: preprocess
  insize=584 outsize=192 ok=1
Cmd: preprocess
  insize=678 outsize=208 ok=1
Cmd: preprocess
  insize=2926 outsize=568 ok=1
Cmd: preprocess
  insize=4254 outsize=230 ok=1
Cmd: preprocess
  insize=1654 outsize=1035 ok=1
Cmd: preprocess
  insize=28296 outsize=4971 ok=1
Cmd: preprocess
  insize=1228 outsize=198 ok=1
Cmd: preprocess
  insize=743 outsize=743 ok=1
Cmd: preprocess
  insize=2379 outsize=1086 ok=1
Cmd: preprocess
  insize=1574 outsize=702 ok=1
Cmd: preprocess
  insize=6008 outsize=1334 ok=1
